[2018-07-16T15:29:52.609] [INFO] traces - server start
[2018-07-16T15:30:30.692] [INFO] traces - server start
[2018-07-16T15:32:04.111] [INFO] traces - test user@crate.com
[2018-07-16T15:38:11.080] [INFO] traces - server start
[2018-07-16T15:39:14.258] [INFO] traces - server start
[2018-07-16T15:39:40.229] [INFO] traces - start signup user@crate.com
[2018-07-16T15:39:48.660] [INFO] traces - start signup dd
[2018-07-16T15:46:59.073] [INFO] traces - start signup ddd
[2018-07-16T15:54:35.128] [INFO] traces - start signup ddd
[2018-07-16T15:55:18.281] [INFO] traces - start signup correctuser
[2018-07-16T15:55:57.308] [INFO] traces - start signup user test 3
[2018-07-16T15:56:12.003] [INFO] traces - start signup user test 3
[2018-07-16T15:57:38.685] [INFO] traces - server start
[2018-07-16T15:57:51.379] [INFO] traces - start signup sds
[2018-07-16T16:07:36.499] [INFO] traces - server start
[2018-07-16T16:10:34.324] [INFO] traces - server start
[2018-07-16T16:11:50.247] [INFO] traces - server start
[2018-07-16T16:16:41.671] [INFO] traces - start signup user test 4
[2018-07-16T16:16:47.899] [INFO] traces - start signup user test 4
[2018-07-16T16:18:16.468] [INFO] traces - server start
[2018-07-16T16:18:24.298] [INFO] traces - server start
[2018-07-16T16:18:34.167] [INFO] traces - server start
[2018-07-16T16:20:05.616] [INFO] traces - server start
[2018-07-16T16:20:12.999] [INFO] traces - start signup user test 4
[2018-07-16T16:21:18.168] [INFO] traces - server start
[2018-07-16T16:21:35.462] [INFO] traces - server start
[2018-07-16T16:21:51.823] [INFO] traces - start signup user test 5
[2018-07-16T16:22:18.665] [INFO] traces - start signup user6
[2018-07-16T16:30:39.022] [INFO] traces - start signup d
[2018-07-16T16:31:49.968] [INFO] traces - start signup d
[2018-07-16T16:32:22.680] [INFO] traces - start signup user@crate.com
[2018-07-16T16:38:08.628] [INFO] traces - start signup user@crate.comdd
[2018-07-16T16:38:50.465] [INFO] traces - start signup user@crate.comd
